0 -65 -65
0.05 -60.6889 -65.1427
0.1 -58.6366 -65.2832
0.15 -57.1484 -65.4217
0.2 -55.9361 -65.5586
0.25 -54.888 -65.6943
0.3 -53.9451 -65.8287
0.35 -53.0702 -65.9621
0.4 -52.2368 -66.0946
0.45 -51.424 -66.2261
0.5 -50.6138 -66.3565
0.55 -49.7896 -66.486
0.6 -48.9348 -66.6143
0.65 -48.0321 -66.7416
0.7 -47.062 -66.8676
0.75 -46.0015 -66.9925
0.8 -44.8226 -67.1161
0.85 -43.4899 -67.2383
0.9 -41.9575 -67.3591
0.95 -40.1645 -67.4784
1 -38.029 -67.5962
1.05 -35.4396 -67.7124
1.1 -32.2452 -67.827
1.15 -28.2436 -67.9398
1.2 -23.178 -68.051
1.25 -16.7585 -68.1604
1.3 -8.75346 -68.2681
1.35 0.795822 -68.3738
1.4 11.2698 -68.4777
1.45 21.3923 -68.5797
1.5 29.7594 -68.6797
1.55 35.6166 -68.7778
1.6 39.0592 -68.8739
1.65 40.6326 -68.968
1.7 40.9134 -69.06
1.75 40.3341 -69.15
1.8 39.1764 -69.238
1.85 37.6151 -69.3237
1.9 35.7605 -69.4073
1.95 33.6859 -69.4887
2 31.4436 -69.5679
2.05 29.0736 -69.6446
2.1 26.6081 -69.719
2.15 24.074 -69.7908
2.2 21.4937 -69.8598
2.25 18.8867 -69.926
2.3 16.2689 -69.989
2.35 13.654 -70.0486
2.4 11.0531 -70.1044
2.45 8.47524 -70.1558
2.5 5.92755 -70.2024
2.55 3.41556 -70.2433
2.6 0.943365 -70.2778
2.65 -1.48614 -70.3046
2.7 -3.87111 -70.3225
2.75 -6.21052 -70.3299
2.8 -8.50408 -70.3247
2.85 -10.7521 -70.3046
2.9 -12.9554 -70.2666
2.95 -15.1153 -70.2072
3 -17.2335 -70.1221
3.05 -19.3124 -70.006
3.1 -21.3547 -69.8527
3.15 -23.3639 -69.6544
3.2 -25.3442 -69.4018
3.25 -27.3006 -69.0838
3.3 -29.2392 -68.6867
3.35 -31.1673 -68.194
3.4 -33.0931 -67.5859
3.45 -35.0262 -66.8379
3.5 -36.9771 -65.9208
3.55 -38.9568 -64.7988
3.6 -40.9767 -63.4282
3.65 -43.0471 -61.7551
3.7 -45.176 -59.7129
3.75 -47.3674 -57.2177
3.8 -49.6178 -54.1616
3.85 -51.9134 -50.402
3.9 -54.2273 -45.7427
3.95 -56.5171 -39.9033
4 -58.7273 -32.4751
4.05 -60.7949 -22.8908
4.1 -62.6601 -10.5577
4.15 -64.2783 4.44611
4.2 -65.6289 20.0417
4.25 -66.7164 32.4705
4.3 -67.5652 39.7275
4.35 -68.2111 42.836
4.4 -68.6921 43.6373
4.45 -69.0436 43.3308
4.5 -69.2956 42.4669
4.55 -69.4719 41.2645
4.6 -69.5907 39.8118
4.65 -69.666 38.1511
4.7 -69.7079 36.3099
4.75 -69.7241 34.3115
4.8 -69.7204 32.1775
4.85 -69.7012 29.9289
4.9 -69.6695 27.5858
4.95 -69.6279 25.1674
5 -69.5784 22.6911
5.05 -69.5223 20.173
5.1 -69.4608 17.6272
5.15 -69.3948 15.066
5.2 -69.3251 12.5003
5.25 -69.2522 9.93879
5.3 -69.1765 7.38895
5.35 -69.0985 4.85664
5.4 -69.0184 2.34642
5.45 -68.9366 -0.13834
5.5 -68.8531 -2.59533
5.55 -68.7682 -5.02319
5.6 -68.6821 -7.42134
5.65 -68.5947 -9.7901
5.7 -68.5063 -12.1303
5.75 -68.4169 -14.4438
5.8 -68.3266 -16.7331
5.85 -68.2355 -19.0014
5.9 -68.1436 -21.2534
5.95 -68.0509 -23.4952
6 -67.9575 -25.7344
6.05 -67.8635 -27.9812
6.1 -67.7688 -30.2484
6.15 -67.6735 -32.5526
6.2 -67.5776 -34.9143
6.25 -67.4812 -37.3583
6.3 -67.3843 -39.9142
6.35 -67.2868 -42.6147
6.4 -67.1888 -45.4939
6.45 -67.0904 -48.5803
6.5 -66.9915 -51.8873
6.55 -66.8922 -55.3957
6.6 -66.7924 -59.0334
6.65 -66.6922 -62.6605
6.7 -66.5916 -66.0754
6.75 -66.4906 -69.0644
6.8 -66.3893 -71.4764
6.85 -66.2876 -73.2765
6.9 -66.1855 -74.5362
6.95 -66.0832 -75.3784
7 -65.9804 -75.9265
7.05 -65.8774 -76.2788
7.1 -65.7741 -76.5045
7.15 -65.6705 -76.6496
7.2 -65.5666 -76.7434
7.25 -65.4625 -76.8044
7.3 -65.358 -76.8444
7.35 -65.2534 -76.8706
7.4 -65.1485 -76.8878
7.45 -65.0434 -76.899
7.5 -64.9381 -76.9062
7.55 -64.8326 -76.9107
7.6 -64.7269 -76.9132
7.65 -64.6211 -76.9144
7.7 -64.515 -76.9147
7.75 -64.4088 -76.9143
7.8 -64.3025 -76.9134
7.85 -64.196 -76.9122
7.9 -64.0894 -76.9107
7.95 -63.9827 -76.909
8 -63.8759 -76.9071
8.05 -63.769 -76.905
8.1 -63.6621 -76.9029
8.15 -63.555 -76.9006
8.2 -63.4479 -76.8983
8.25 -63.3407 -76.8959
8.3 -63.2335 -76.8934
8.35 -63.1263 -76.8908
8.4 -63.019 -76.8881
8.45 -62.9117 -76.8854
8.5 -62.8044 -76.8826
8.55 -62.6971 -76.8798
8.6 -62.5898 -76.8769
8.65 -62.4825 -76.8739
8.7 -62.3752 -76.8709
8.75 -62.268 -76.8678
8.8 -62.1608 -76.8646
8.85 -62.0537 -76.8614
8.9 -61.9466 -76.8581
8.95 -61.8395 -76.8547
9 -61.7326 -76.8512
9.05 -61.6257 -76.8477
9.1 -61.5189 -76.8442
9.15 -61.4121 -76.8405
9.2 -61.3055 -76.8368
9.25 -61.1989 -76.833
9.3 -61.0925 -76.8291
9.35 -60.9861 -76.8251
9.4 -60.8799 -76.8211
9.45 -60.7737 -76.817
9.5 -60.6677 -76.8128
9.55 -60.5618 -76.8085
9.6 -60.456 -76.8041
9.65 -60.3504 -76.7997
9.7 -60.2448 -76.7951
9.75 -60.1394 -76.7905
9.8 -60.0341 -76.7858
9.85 -59.929 -76.781
9.9 -59.824 -76.7761
9.95 -59.7191 -76.7711
10 -59.6143 -76.766
10.05 -59.5097 -76.7609
10.1 -59.4052 -76.7556
10.15 -59.3009 -76.7502
10.2 -59.1967 -76.7447
10.25 -59.0926 -76.7392
10.3 -58.9886 -76.7335
10.35 -58.8847 -76.7277
10.4 -58.781 -76.7218
10.45 -58.6774 -76.7158
10.5 -58.5739 -76.7097
10.55 -58.4705 -76.7034
10.6 -58.3672 -76.6971
10.65 -58.264 -76.6906
10.7 -58.1609 -76.684
10.75 -58.0579 -76.6773
10.8 -57.955 -76.6705
10.85 -57.8522 -76.6636
10.9 -57.7494 -76.6565
10.95 -57.6467 -76.6493
11 -57.544 -76.642
11.05 -57.4414 -76.6345
11.1 -57.3388 -76.6269
11.15 -57.2363 -76.6192
11.2 -57.1337 -76.6113
11.25 -57.0312 -76.6033
11.3 -56.9286 -76.5952
11.35 -56.826 -76.5869
11.4 -56.7234 -76.5784
11.45 -56.6208 -76.5699
11.5 -56.5181 -76.5611
11.55 -56.4153 -76.5523
11.6 -56.3124 -76.5432
11.65 -56.2094 -76.534
11.7 -56.1063 -76.5247
11.75 -56.003 -76.5152
11.8 -55.8996 -76.5055
11.85 -55.796 -76.4957
11.9 -55.6922 -76.4857
11.95 -55.5882 -76.4756
12 -55.4839 -76.4652
12.05 -55.3793 -76.4547
12.1 -55.2745 -76.4441
12.15 -55.1693 -76.4332
12.2 -55.0637 -76.4222
12.25 -54.9578 -76.411
12.3 -54.8515 -76.3997
12.35 -54.7447 -76.3881
12.4 -54.6374 -76.3764
12.45 -54.5296 -76.3645
12.5 -54.4213 -76.3524
12.55 -54.3123 -76.3401
12.6 -54.2027 -76.3276
12.65 -54.0925 -76.315
12.7 -53.9814 -76.3021
12.75 -53.8696 -76.2891
12.8 -53.7569 -76.2758
12.85 -53.6434 -76.2624
12.9 -53.5289 -76.2487
12.95 -53.4133 -76.2349
13 -53.2966 -76.2209
13.05 -53.1788 -76.2066
13.1 -53.0596 -76.1922
13.15 -52.9392 -76.1776
13.2 -52.8173 -76.1627
13.25 -52.6938 -76.1477
13.3 -52.5688 -76.1324
13.35 -52.4419 -76.117
13.4 -52.3132 -76.1013
13.45 -52.1824 -76.0854
13.5 -52.0495 -76.0693
13.55 -51.9142 -76.053
13.6 -51.7764 -76.0365
13.65 -51.636 -76.0198
13.7 -51.4927 -76.0028
13.75 -51.3462 -75.9857
13.8 -51.1965 -75.9683
13.85 -51.0431 -75.9507
13.9 -50.8857 -75.9329
13.95 -50.7242 -75.9149
14 -50.5581 -75.8966
14.05 -50.387 -75.8782
14.1 -50.2105 -75.8595
14.15 -50.0281 -75.8406
14.2 -49.8393 -75.8215
14.25 -49.6435 -75.8022
14.3 -49.44 -75.7826
14.35 -49.2281 -75.7628
14.4 -49.0069 -75.7428
14.45 -48.7754 -75.7226
14.5 -48.5326 -75.7021
14.55 -48.2772 -75.6815
14.6 -48.0078 -75.6606
14.65 -47.7229 -75.6395
14.7 -47.4205 -75.6181
14.75 -47.0985 -75.5966
14.8 -46.7543 -75.5748
14.85 -46.3852 -75.5528
14.9 -45.9876 -75.5306
14.95 -45.5576 -75.5081
15 -45.0903 -75.4854
15.05 -44.5801 -75.4625
15.1 -44.0202 -75.4394
15.15 -43.4025 -75.416
15.2 -42.717 -75.3924
15.25 -41.9517 -75.3686
15.3 -41.092 -75.3445
15.35 -40.1196 -75.3202
15.4 -39.0123 -75.2957
15.45 -37.7425 -75.2709
15.5 -36.2762 -75.246
15.55 -34.5712 -75.2207
15.6 -32.5766 -75.1952
15.65 -30.2314 -75.1695
15.7 -27.4652 -75.1435
15.75 -24.2026 -75.1173
15.8 -20.3718 -75.0908
15.85 -15.9245 -75.0641
15.9 -10.8661 -75.0371
15.95 -5.29677 -75.0098
16 0.553331 -74.9823
16.05 6.32387 -74.9544
16.1 11.5854 -74.9263
16.15 15.9492 -74.8978
16.2 19.1689 -74.869
16.25 21.1776 -74.8399
16.3 22.057 -74.8104
16.35 21.9741 -74.7805
16.4 21.123 -74.7502
16.45 19.6876 -74.7195
16.5 17.8249 -74.6882
16.55 15.6608 -74.6564
16.6 13.2931 -74.6239
16.65 10.7959 -74.5908
16.7 8.22482 -74.5567
16.75 5.62095 -74.5217
16.8 3.01457 -74.4855
16.85 0.427661 -74.4479
16.9 -2.12404 -74.4086
16.95 -4.62956 -74.3673
17 -7.08144 -74.3235
17.05 -9.47498 -74.2767
17.1 -11.8075 -74.2263
17.15 -14.0778 -74.1713
17.2 -16.2861 -74.1107
17.25 -18.4333 -74.0435
17.3 -20.5212 -73.9679
17.35 -22.5525 -73.8821
17.4 -24.5302 -73.784
17.45 -26.4583 -73.6707
17.5 -28.3412 -73.539
17.55 -30.184 -73.3846
17.6 -31.9925 -73.2028
17.65 -33.7732 -72.9876
17.7 -35.533 -72.7318
17.75 -37.2792 -72.4266
17.8 -39.019 -72.0615
17.85 -40.76 -71.6237
17.9 -42.5086 -71.0978
17.95 -44.2704 -70.465
18 -46.049 -69.7027
18.05 -47.8453 -68.7834
18.1 -49.6563 -67.6738
18.15 -51.4743 -66.3333
18.2 -53.2862 -64.7124
18.25 -55.0731 -62.7497
18.3 -56.8111 -60.3693
18.35 -58.4731 -57.4746
18.4 -60.0314 -53.9405
18.45 -61.4617 -49.598
18.5 -62.7459 -44.2086
18.55 -63.8746 -37.4198
18.6 -64.8472 -28.7047
18.65 -65.6709 -17.3524
18.7 -66.3585 -2.82752
18.75 -66.9255 13.9058
18.8 -67.3885 29.1198
18.85 -67.7631 39.0542
18.9 -68.0637 43.6891
18.95 -68.3026 45.1812
19 -68.4901 45.2311
19.05 -68.6349 44.636
19.1 -68.7441 43.6934
19.15 -68.8235 42.5062
19.2 -68.8779 41.1139
19.25 -68.9114 39.5372
19.3 -68.9271 37.793
19.35 -68.9277 35.8978
19.4 -68.9155 33.8688
19.45 -68.8923 31.7236
19.5 -68.8598 29.4798
19.55 -68.8192 27.1545
19.6 -68.7717 24.7641
19.65 -68.7181 22.3237
19.7 -68.6593 19.8469
19.75 -68.596 17.3463
19.8 -68.5287 14.8327
19.85 -68.4579 12.3153
19.9 -68.3841 9.80217
19.95 -68.3075 7.29975
20 -68.2286 4.81337
20.05 -68.1476 2.34712
20.1 -68.0646 -0.0959218
20.15 -67.98 -2.51362
20.2 -67.8938 -4.90471
20.25 -67.8063 -7.26862
20.3 -67.7175 -9.60564
20.35 -67.6276 -11.9166
20.4 -67.5367 -14.2029
20.45 -67.4448 -16.4671
20.5 -67.352 -18.7122
20.55 -67.2584 -20.9425
20.6 -67.1641 -23.1634
20.65 -67.0691 -25.3826
20.7 -66.9734 -27.6094
20.75 -66.8771 -29.8561
20.8 -66.7803 -32.1382
20.85 -66.6829 -34.4755
20.9 -66.585 -36.892
20.95 -66.4867 -39.4162
21 -66.3879 -42.0811
21.05 -66.2886 -44.9209
21.1 -66.189 -47.9668
21.15 -66.089 -51.2368
21.2 -65.9886 -54.7202
21.25 -65.8879 -58.3569
21.3 -65.7868 -62.0183
21.35 -65.6855 -65.5091
21.4 -65.5838 -68.6072
21.45 -65.4819 -71.1409
21.5 -65.3797 -73.0516
21.55 -65.2772 -74.3968
21.6 -65.1745 -75.2975
21.65 -65.0716 -75.8823
21.7 -64.9684 -76.2562
21.75 -64.8651 -76.4942
21.8 -64.7616 -76.646
21.85 -64.6579 -76.7434
21.9 -64.554 -76.8062
21.95 -64.45 -76.847
22 -64.3458 -76.8735
22.05 -64.2415 -76.8908
22.1 -64.1371 -76.902
22.15 -64.0326 -76.9091
22.2 -63.9279 -76.9134
22.25 -63.8232 -76.9158
22.3 -63.7184 -76.917
22.35 -63.6135 -76.9172
22.4 -63.5086 -76.9168
22.45 -63.4036 -76.9159
22.5 -63.2985 -76.9147
22.55 -63.1934 -76.9131
22.6 -63.0883 -76.9114
22.65 -62.9832 -76.9096
22.7 -62.8781 -76.9076
22.75 -62.7729 -76.9054
22.8 -62.6678 -76.9032
22.85 -62.5627 -76.9009
22.9 -62.4576 -76.8985
22.95 -62.3525 -76.8961
23 -62.2475 -76.8935
23.05 -62.1425 -76.891
23.1 -62.0375 -76.8883
23.15 -61.9327 -76.8856
23.2 -61.8278 -76.8828
23.25 -61.7231 -76.8799
23.3 -61.6184 -76.877
23.35 -61.5138 -76.8741
23.4 -61.4093 -76.871
23.45 -61.3049 -76.8679
23.5 -61.2006 -76.8647
23.55 -61.0963 -76.8615
23.6 -60.9922 -76.8582
23.65 -60.8882 -76.8548
23.7 -60.7843 -76.8514
23.75 -60.6805 -76.8479
23.8 -60.5769 -76.8443
23.85 -60.4733 -76.8406
23.9 -60.3699 -76.8369
23.95 -60.2666 -76.8331
24 -60.1635 -76.8292
24.05 -60.0604 -76.8252
24.1 -59.9575 -76.8212
24.15 -59.8548 -76.817
24.2 -59.7522 -76.8128
24.25 -59.6497 -76.8086
24.3 -59.5473 -76.8042
24.35 -59.4451 -76.7997
24.4 -59.343 -76.7952
24.45 -59.2411 -76.7905
24.5 -59.1392 -76.7858
24.55 -59.0376 -76.781
24.6 -58.936 -76.7761
24.65 -58.8346 -76.7711
24.7 -58.7333 -76.766
24.75 -58.6321 -76.7608
24.8 -58.531 -76.7555
24.85 -58.4301 -76.7501
24.9 -58.3293 -76.7446
24.95 -58.2286 -76.739
25 -58.1279 -76.7333
25.05 -58.0274 -76.7275
25.1 -57.927 -76.7215
25.15 -57.8266 -76.7155
25.2 -57.7264 -76.7093
25.25 -57.6262 -76.7031
25.3 -57.5261 -76.6967
25.35 -57.426 -76.6902
25.4 -57.326 -76.6835
25.45 -57.226 -76.6768
25.5 -57.1261 -76.6699
25.55 -57.0261 -76.6629
25.6 -56.9262 -76.6558
25.65 -56.8263 -76.6485
25.7 -56.7264 -76.6411
25.75 -56.6265 -76.6336
25.8 -56.5265 -76.6259
25.85 -56.4265 -76.6181
25.9 -56.3265 -76.6102
25.95 -56.2263 -76.6021
26 -56.1261 -76.5939
26.05 -56.0258 -76.5855
26.1 -55.9253 -76.577
26.15 -55.8247 -76.5683
26.2 -55.724 -76.5595
26.25 -55.6231 -76.5505
26.3 -55.522 -76.5414
26.35 -55.4207 -76.5321
26.4 -55.3191 -76.5226
26.45 -55.2173 -76.513
26.5 -55.1152 -76.5032
26.55 -55.0128 -76.4933
26.6 -54.91 -76.4832
26.65 -54.8069 -76.4729
26.7 -54.7034 -76.4624
26.75 -54.5995 -76.4518
26.8 -54.4952 -76.441
26.85 -54.3903 -76.43
26.9 -54.2849 -76.4188
26.95 -54.179 -76.4075
27 -54.0724 -76.396
27.05 -53.9652 -76.3843
27.1 -53.8574 -76.3724
27.15 -